<?xml version="1.0" encoding="UTF-8"?>
<!-- Generated by org.testng.reporters.JUnitXMLReporter -->
<testsuite hostname="LAPTOP-BECDOB0U" ignored="0" name="EmployeeRestAPI Tests" tests="29" failures="11" timestamp="22 Jul 2020 15:32:55 GMT" time="48.295" errors="0">
  <testcase name="checkContentType" time="0.007" classname="com.employeeAPI.testcases.TC001_GET_All_Employees"/>
  <testcase name="checkContentencoding" time="0.001" classname="com.employeeAPI.testcases.TC001_GET_All_Employees"/>
  <testcase name="checkResponseBody" time="0.002" classname="com.employeeAPI.testcases.TC001_GET_All_Employees"/>
  <testcase name="checkResponseTime" time="0.002" classname="com.employeeAPI.testcases.TC001_GET_All_Employees"/>
  <testcase name="checkStatusCode" time="0.002" classname="com.employeeAPI.testcases.TC001_GET_All_Employees"/>
  <testcase name="checkStatusLine" time="0.002" classname="com.employeeAPI.testcases.TC001_GET_All_Employees"/>
  <testcase name="checkContentType" time="0.005" classname="com.employeeAPI.testcases.TC002_GET_Single_Employee_Record">
    <failure type="java.lang.AssertionError" message="expected [application/json;charset=utf-8] but found [text/html]">
      <![CDATA[java.lang.AssertionError: expected [application/json;charset=utf-8] but found [text/html]
at com.employeeAPI.testcases.TC002_GET_Single_Employee_Record.checkContentType(TC002_GET_Single_Employee_Record.java:86)
... Removed 31 stack frames]]>
    </failure>
  </testcase> <!-- checkContentType -->
  <testcase name="checkContentencoding" time="0.002" classname="com.employeeAPI.testcases.TC002_GET_Single_Employee_Record"/>
  <testcase name="checkCookies" time="0.002" classname="com.employeeAPI.testcases.TC002_GET_Single_Employee_Record"/>
  <testcase name="checkResponseBody" time="0.003" classname="com.employeeAPI.testcases.TC002_GET_Single_Employee_Record"/>
  <testcase name="checkResponseTime" time="0.001" classname="com.employeeAPI.testcases.TC002_GET_Single_Employee_Record"/>
  <testcase name="checkServertype" time="0.001" classname="com.employeeAPI.testcases.TC002_GET_Single_Employee_Record"/>
  <testcase name="checkStatusCode" time="0.001" classname="com.employeeAPI.testcases.TC002_GET_Single_Employee_Record"/>
  <testcase name="checkStatusLine" time="0.001" classname="com.employeeAPI.testcases.TC002_GET_Single_Employee_Record"/>
  <testcase name="checkContentencoding" time="0.002" classname="com.employeeAPI.testcases.TC003_POST_Employee_Record"/>
  <testcase name="checkResponseBody" time="0.008" classname="com.employeeAPI.testcases.TC003_POST_Employee_Record">
    <failure type="java.lang.AssertionError" message="expected [true] but found [false]">
      <![CDATA[java.lang.AssertionError: expected [true] but found [false]
at com.employeeAPI.testcases.TC003_POST_Employee_Record.checkResponseBody(TC003_POST_Employee_Record.java:55)
... Removed 31 stack frames]]>
    </failure>
  </testcase> <!-- checkResponseBody -->
  <testcase name="checkStatusCode" time="0.002" classname="com.employeeAPI.testcases.TC003_POST_Employee_Record">
    <failure type="java.lang.AssertionError" message="expected [200] but found [302]">
      <![CDATA[java.lang.AssertionError: expected [200] but found [302]
at com.employeeAPI.testcases.TC003_POST_Employee_Record.checkStatusCode(TC003_POST_Employee_Record.java:66)
... Removed 31 stack frames]]>
    </failure>
  </testcase> <!-- checkStatusCode -->
  <testcase name="checkStatusLine" time="0.002" classname="com.employeeAPI.testcases.TC003_POST_Employee_Record">
    <failure type="java.lang.AssertionError" message="expected [HTTP/1.1 200 OK] but found [HTTP/1.1 302 Found]">
      <![CDATA[java.lang.AssertionError: expected [HTTP/1.1 200 OK] but found [HTTP/1.1 302 Found]
at com.employeeAPI.testcases.TC003_POST_Employee_Record.checkStatusLine(TC003_POST_Employee_Record.java:76)
... Removed 31 stack frames]]>
    </failure>
  </testcase> <!-- checkStatusLine -->
  <testcase name="checkResponseBody" time="0.004" classname="com.employeeAPI.testcases.TC004_PUT_Employee_Record">
    <failure type="java.lang.AssertionError" message="expected [true] but found [false]">
      <![CDATA[java.lang.AssertionError: expected [true] but found [false]
at com.employeeAPI.testcases.TC004_PUT_Employee_Record.checkResponseBody(TC004_PUT_Employee_Record.java:54)
... Removed 31 stack frames]]>
    </failure>
  </testcase> <!-- checkResponseBody -->
  <testcase name="checkStatusCode" time="0.001" classname="com.employeeAPI.testcases.TC004_PUT_Employee_Record">
    <failure type="java.lang.AssertionError" message="expected [200] but found [302]">
      <![CDATA[java.lang.AssertionError: expected [200] but found [302]
at com.employeeAPI.testcases.TC004_PUT_Employee_Record.checkStatusCode(TC004_PUT_Employee_Record.java:65)
... Removed 31 stack frames]]>
    </failure>
  </testcase> <!-- checkStatusCode -->
  <testcase name="checkStatusLine" time="0.001" classname="com.employeeAPI.testcases.TC004_PUT_Employee_Record">
    <failure type="java.lang.AssertionError" message="expected [HTTP/1.1 200 OK] but found [HTTP/1.1 302 Found]">
      <![CDATA[java.lang.AssertionError: expected [HTTP/1.1 200 OK] but found [HTTP/1.1 302 Found]
at com.employeeAPI.testcases.TC004_PUT_Employee_Record.checkStatusLine(TC004_PUT_Employee_Record.java:75)
... Removed 31 stack frames]]>
    </failure>
  </testcase> <!-- checkStatusLine -->
  <testcase name="checkContentType" time="0.004" classname="com.employeeAPI.testcases.TC005_DELETE_Employee_Record">
    <failure type="java.lang.AssertionError" message="expected [application/json;charset=utf-8] but found [text/html; charset=iso-8859-1]">
      <![CDATA[java.lang.AssertionError: expected [application/json;charset=utf-8] but found [text/html; charset=iso-8859-1]
at com.employeeAPI.testcases.TC005_DELETE_Employee_Record.checkContentType(TC005_DELETE_Employee_Record.java:91)
... Removed 31 stack frames]]>
    </failure>
  </testcase> <!-- checkContentType -->
  <testcase name="checkContentencoding" time="0.001" classname="com.employeeAPI.testcases.TC005_DELETE_Employee_Record"/>
  <testcase name="checkCookies" time="0.001" classname="com.employeeAPI.testcases.TC005_DELETE_Employee_Record"/>
  <testcase name="checkResponseBody" time="0.003" classname="com.employeeAPI.testcases.TC005_DELETE_Employee_Record">
    <failure type="java.lang.AssertionError" message="expected [true] but found [false]">
      <![CDATA[java.lang.AssertionError: expected [true] but found [false]
at com.employeeAPI.testcases.TC005_DELETE_Employee_Record.checkResponseBody(TC005_DELETE_Employee_Record.java:42)
... Removed 31 stack frames]]>
    </failure>
  </testcase> <!-- checkResponseBody -->
  <testcase name="checkResponseTime" time="0.001" classname="com.employeeAPI.testcases.TC005_DELETE_Employee_Record"/>
  <testcase name="checkServertype" time="0.0" classname="com.employeeAPI.testcases.TC005_DELETE_Employee_Record"/>
  <testcase name="checkStatusCode" time="0.001" classname="com.employeeAPI.testcases.TC005_DELETE_Employee_Record">
    <failure type="java.lang.AssertionError" message="expected [200] but found [302]">
      <![CDATA[java.lang.AssertionError: expected [200] but found [302]
at com.employeeAPI.testcases.TC005_DELETE_Employee_Record.checkStatusCode(TC005_DELETE_Employee_Record.java:52)
... Removed 31 stack frames]]>
    </failure>
  </testcase> <!-- checkStatusCode -->
  <testcase name="checkStatusLine" time="0.001" classname="com.employeeAPI.testcases.TC005_DELETE_Employee_Record">
    <failure type="java.lang.AssertionError" message="expected [HTTP/1.1 200 OK] but found [HTTP/1.1 302 Found]">
      <![CDATA[java.lang.AssertionError: expected [HTTP/1.1 200 OK] but found [HTTP/1.1 302 Found]
at com.employeeAPI.testcases.TC005_DELETE_Employee_Record.checkStatusLine(TC005_DELETE_Employee_Record.java:73)
... Removed 31 stack frames]]>
    </failure>
  </testcase> <!-- checkStatusLine -->
</testsuite> <!-- EmployeeRestAPI Tests -->
