<?xml version="1.0" encoding="UTF-8"?>
<!-- Generated by org.testng.reporters.JUnitXMLReporter -->
<testsuite hostname="LAPTOP-BECDOB0U" ignored="0" name="RestAPIEmployeeApp Tests" tests="6" failures="0" timestamp="20 Jul 2020 13:22:14 GMT" time="5.742" errors="0">
  <testcase name="checkContentType" time="0.006" classname="com.employeeAPI.testcases.TC001_GET_All_Employees"/>
  <testcase name="checkContentencoding" time="0.001" classname="com.employeeAPI.testcases.TC001_GET_All_Employees"/>
  <testcase name="checkResponseBody" time="0.001" classname="com.employeeAPI.testcases.TC001_GET_All_Employees"/>
  <testcase name="checkResponseTime" time="0.002" classname="com.employeeAPI.testcases.TC001_GET_All_Employees"/>
  <testcase name="checkStatusCode" time="0.001" classname="com.employeeAPI.testcases.TC001_GET_All_Employees"/>
  <testcase name="checkStatusLine" time="0.002" classname="com.employeeAPI.testcases.TC001_GET_All_Employees"/>
</testsuite> <!-- RestAPIEmployeeApp Tests -->
